# JRE version: OpenJDK Runtime Environment (8.0_282-b08) (build 1.8.0_282-b08)
# Java VM: OpenJDK 64-Bit Server VM (25.282-b08 mixed mode windows-amd64 compressed oops)
Heap:
 PSYoungGen      total 135680K, used 88031K [0x00000000f5580000, 0x0000000100000000, 0x0000000100000000)
  eden space 99840K, 67% used [0x00000000f5580000,0x00000000f96e85a0,0x00000000fb700000)
  from space 35840K, 58% used [0x00000000fb700000,0x00000000fcb8f7f8,0x00000000fda00000)
  to   space 36352K, 0% used [0x00000000fdc80000,0x00000000fdc80000,0x0000000100000000)
 ParOldGen       total 300544K, used 105961K [0x00000000e0000000, 0x00000000f2580000, 0x00000000f5580000)
  object space 300544K, 35% used [0x00000000e0000000,0x00000000e677a520,0x00000000f2580000)
 Metaspace       used 113084K, capacity 121423K, committed 121600K, reserved 1155072K
  class space    used 14975K, capacity 16594K, committed 16640K, reserved 1048576K
GC Heap History (10 events):
Event: 7530.993 GC heap before
{Heap before GC invocations=53 (full 4):
 PSYoungGen      total 131072K, used 108374K [0x00000000f5580000, 0x00000000ffb00000, 0x0000000100000000)
  eden space 93696K, 100% used [0x00000000f5580000,0x00000000fb100000,0x00000000fb100000)
  from space 37376K, 39% used [0x00000000fd680000,0x00000000fe4d5848,0x00000000ffb00000)
  to   space 37888K, 0% used [0x00000000fb100000,0x00000000fb100000,0x00000000fd600000)
 ParOldGen       total 300544K, used 91605K [0x00000000e0000000, 0x00000000f2580000, 0x00000000f5580000)
  object space 300544K, 30% used [0x00000000e0000000,0x00000000e5975698,0x00000000f2580000)
 Metaspace       used 110452K, capacity 117371K, committed 117504K, reserved 1150976K
  class space    used 14685K, capacity 16007K, committed 16128K, reserved 1048576K
Event: 7531.225 GC heap after
Heap after GC invocations=53 (full 4):
 PSYoungGen      total 131584K, used 5718K [0x00000000f5580000, 0x0000000100000000, 0x0000000100000000)
  eden space 93696K, 0% used [0x00000000f5580000,0x00000000f5580000,0x00000000fb100000)
  from space 37888K, 15% used [0x00000000fb100000,0x00000000fb695828,0x00000000fd600000)
  to   space 37888K, 0% used [0x00000000fdb00000,0x00000000fdb00000,0x0000000100000000)
 ParOldGen       total 300544K, used 92723K [0x00000000e0000000, 0x00000000f2580000, 0x00000000f5580000)
  object space 300544K, 30% used [0x00000000e0000000,0x00000000e5a8cee8,0x00000000f2580000)
 Metaspace       used 110452K, capacity 117371K, committed 117504K, reserved 1150976K
  class space    used 14685K, capacity 16007K, committed 16128K, reserved 1048576K
}
Event: 7536.796 GC heap before
{Heap before GC invocations=54 (full 4):
 PSYoungGen      total 131584K, used 99414K [0x00000000f5580000, 0x0000000100000000, 0x0000000100000000)
  eden space 93696K, 100% used [0x00000000f5580000,0x00000000fb100000,0x00000000fb100000)
  from space 37888K, 15% used [0x00000000fb100000,0x00000000fb695828,0x00000000fd600000)
  to   space 37888K, 0% used [0x00000000fdb00000,0x00000000fdb00000,0x0000000100000000)
 ParOldGen       total 300544K, used 92723K [0x00000000e0000000, 0x00000000f2580000, 0x00000000f5580000)
  object space 300544K, 30% used [0x00000000e0000000,0x00000000e5a8cee8,0x00000000f2580000)
 Metaspace       used 110728K, capacity 117849K, committed 118016K, reserved 1150976K
  class space    used 14718K, capacity 16064K, committed 16128K, reserved 1048576K
Event: 7536.844 GC heap after
Heap after GC invocations=54 (full 4):
 PSYoungGen      total 135680K, used 7552K [0x00000000f5580000, 0x00000000fff00000, 0x0000000100000000)
  eden space 98816K, 0% used [0x00000000f5580000,0x00000000f5580000,0x00000000fb600000)
  from space 36864K, 20% used [0x00000000fdb00000,0x00000000fe260040,0x00000000fff00000)
  to   space 37376K, 0% used [0x00000000fb600000,0x00000000fb600000,0x00000000fda80000)
 ParOldGen       total 300544K, used 97641K [0x00000000e0000000, 0x00000000f2580000, 0x00000000f5580000)
  object space 300544K, 32% used [0x00000000e0000000,0x00000000e5f5a5a0,0x00000000f2580000)
 Metaspace       used 110728K, capacity 117849K, committed 118016K, reserved 1150976K
  class space    used 14718K, capacity 16064K, committed 16128K, reserved 1048576K
}
Event: 7539.688 GC heap before
{Heap before GC invocations=55 (full 4):
 PSYoungGen      total 135680K, used 106368K [0x00000000f5580000, 0x00000000fff00000, 0x0000000100000000)
  eden space 98816K, 100% used [0x00000000f5580000,0x00000000fb600000,0x00000000fb600000)
  from space 36864K, 20% used [0x00000000fdb00000,0x00000000fe260040,0x00000000fff00000)
  to   space 37376K, 0% used [0x00000000fb600000,0x00000000fb600000,0x00000000fda80000)
 ParOldGen       total 300544K, used 97641K [0x00000000e0000000, 0x00000000f2580000, 0x00000000f5580000)
  object space 300544K, 32% used [0x00000000e0000000,0x00000000e5f5a5a0,0x00000000f2580000)
 Metaspace       used 110799K, capacity 117991K, committed 118272K, reserved 1150976K
  class space    used 14726K, capacity 16077K, committed 16128K, reserved 1048576K
Event: 7539.710 GC heap after
Heap after GC invocations=55 (full 4):
 PSYoungGen      total 136192K, used 2976K [0x00000000f5580000, 0x0000000100000000, 0x0000000100000000)
  eden space 98816K, 0% used [0x00000000f5580000,0x00000000f5580000,0x00000000fb600000)
  from space 37376K, 7% used [0x00000000fb600000,0x00000000fb8e8000,0x00000000fda80000)
  to   space 37376K, 0% used [0x00000000fdb80000,0x00000000fdb80000,0x0000000100000000)
 ParOldGen       total 300544K, used 104021K [0x00000000e0000000, 0x00000000f2580000, 0x00000000f5580000)
  object space 300544K, 34% used [0x00000000e0000000,0x00000000e6595510,0x00000000f2580000)
 Metaspace       used 110799K, capacity 117991K, committed 118272K, reserved 1150976K
  class space    used 14726K, capacity 16077K, committed 16128K, reserved 1048576K
}
Event: 8131.523 GC heap before
{Heap before GC invocations=56 (full 4):
 PSYoungGen      total 136192K, used 101792K [0x00000000f5580000, 0x0000000100000000, 0x0000000100000000)
  eden space 98816K, 100% used [0x00000000f5580000,0x00000000fb600000,0x00000000fb600000)
  from space 37376K, 7% used [0x00000000fb600000,0x00000000fb8e8000,0x00000000fda80000)
  to   space 37376K, 0% used [0x00000000fdb80000,0x00000000fdb80000,0x0000000100000000)
 ParOldGen       total 300544K, used 104021K [0x00000000e0000000, 0x00000000f2580000, 0x00000000f5580000)
  object space 300544K, 34% used [0x00000000e0000000,0x00000000e6595510,0x00000000f2580000)
 Metaspace       used 112380K, capacity 120415K, committed 120704K, reserved 1153024K
  class space    used 14903K, capacity 16452K, committed 16512K, reserved 1048576K
Event: 8132.111 GC heap after
Heap after GC invocations=56 (full 4):
 PSYoungGen      total 134144K, used 10774K [0x00000000f5580000, 0x00000000ffd00000, 0x0000000100000000)
  eden space 99840K, 0% used [0x00000000f5580000,0x00000000f5580000,0x00000000fb700000)
  from space 34304K, 31% used [0x00000000fdb80000,0x00000000fe605828,0x00000000ffd00000)
  to   space 35840K, 0% used [0x00000000fb700000,0x00000000fb700000,0x00000000fda00000)
 ParOldGen       total 300544K, used 105953K [0x00000000e0000000, 0x00000000f2580000, 0x00000000f5580000)
  object space 300544K, 35% used [0x00000000e0000000,0x00000000e6778520,0x00000000f2580000)
 Metaspace       used 112380K, capacity 120415K, committed 120704K, reserved 1153024K
  class space    used 14903K, capacity 16452K, committed 16512K, reserved 1048576K
}
Event: 8153.664 GC heap before
{Heap before GC invocations=57 (full 4):
 PSYoungGen      total 134144K, used 110614K [0x00000000f5580000, 0x00000000ffd00000, 0x0000000100000000)
  eden space 99840K, 100% used [0x00000000f5580000,0x00000000fb700000,0x00000000fb700000)
  from space 34304K, 31% used [0x00000000fdb80000,0x00000000fe605828,0x00000000ffd00000)
  to   space 35840K, 0% used [0x00000000fb700000,0x00000000fb700000,0x00000000fda00000)
 ParOldGen       total 300544K, used 105953K [0x00000000e0000000, 0x00000000f2580000, 0x00000000f5580000)
  object space 300544K, 35% used [0x00000000e0000000,0x00000000e6778520,0x00000000f2580000)
 Metaspace       used 113014K, capacity 121417K, committed 121600K, reserved 1155072K
  class space    used 14974K, capacity 16593K, committed 16640K, reserved 1048576K
Event: 8154.043 GC heap after
Heap after GC invocations=57 (full 4):
 PSYoungGen      total 135680K, used 21053K [0x00000000f5580000, 0x0000000100000000, 0x0000000100000000)
  eden space 99840K, 0% used [0x00000000f5580000,0x00000000f5580000,0x00000000fb700000)
  from space 35840K, 58% used [0x00000000fb700000,0x00000000fcb8f7f8,0x00000000fda00000)
  to   space 36352K, 0% used [0x00000000fdc80000,0x00000000fdc80000,0x0000000100000000)
 ParOldGen       total 300544K, used 105961K [0x00000000e0000000, 0x00000000f2580000, 0x00000000f5580000)
  object space 300544K, 35% used [0x00000000e0000000,0x00000000e677a520,0x00000000f2580000)
 Metaspace       used 113014K, capacity 121417K, committed 121600K, reserved 1155072K
  class space    used 14974K, capacity 16593K, committed 16640K, reserved 1048576K
}

